==================== Cycle State #0 ====================
pc: 3f
Instruction: 0x0
IFID Instruction: 0x0
IDEX Instruction: 0x0
NOP Signal: 0
Flush Signal: 0
ID Forward A: 0x00
ID Forward B: 0x00
EX Forward A: 0x00
EX Forward B: 0x00
rsdata00000000000000000000000000000000
rtdata00000000000000000000000000000000

Control Signals:
RegDst: 1
Link: 0
BranchEqual: 0
MemReadEn: 0
MemtoReg: 0
MemWriteEn: 0
RegWriteEn: 1
ALUSrc: 0
Jump: 0
BranchNotEqual: 0
JumpReg: 0
Sgt: 0
Slt: 0
opSel: 0x7
Will Jump: 0
Will Branch: 0

Register File Contents:
R[0]: 0
R[1]: 0
R[2]: 0
R[3]: 0
R[4]: 0
R[5]: 0
R[6]: 0
R[7]: 0
R[8]: 0
R[9]: 0
R[a]: 0
R[b]: 0
R[c]: 0
R[d]: 0
R[e]: 0
R[f]: 0
R[10]: 0
R[11]: 0
R[12]: 0
R[13]: 0
R[14]: 0
R[15]: 0
R[16]: 0
R[17]: 0
R[18]: 0
R[19]: 0
R[1a]: 0
R[1b]: 0
R[1c]: 0
R[1d]: 0
R[1e]: 0
R[1f]: 0

Data Memory Contents:
Mem[0]: 00000000000000000000000000000001
Mem[1]: 00000000000000000000000000000100
Mem[2]: 00000000000000000000000000000101
Mem[3]: 00000000000000000000000000000111
Mem[4]: 00000000000000000000000000001001
Mem[5]: 00000000000000000000000000001100
Mem[6]: 00000000000000000000000000001111
Mem[7]: 00000000000000000000000000010001
Mem[8]: 00000000000000000000000000010100
Mem[9]: 00000000000000000000000000010101
Mem[a]: 00000000000000000000000000011110
Mem[b]: 00000000000000000000000000001011
Mem[c]: 00000000000000000000000000000000
Mem[d]: 00000000000000000000000000000000
Mem[e]: 00000000000000000000000000000000
Mem[f]: 00000000000000000000000000000000
Mem[10]: 00000000000000000000000000000000
Mem[11]: 00000000000000000000000000000000
Mem[12]: 00000000000000000000000000000000
Mem[13]: 00000000000000000000000000000000
Mem[14]: 00000000000000000000000000000000
Mem[15]: 00000000000000000000000000000000
Mem[16]: 00000000000000000000000000000000
Mem[17]: 00000000000000000000000000000000
Mem[18]: 00000000000000000000000000000000
Mem[19]: 00000000000000000000000000000000
Mem[1a]: 00000000000000000000000000000000
Mem[1b]: 00000000000000000000000000000000
Mem[1c]: 00000000000000000000000000000000
Mem[1d]: 00000000000000000000000000000000
Mem[1e]: 00000000000000000000000000000000
Mem[1f]: 00000000000000000000000000000000
Mem[20]: 00000000000000000000000000000000
Mem[21]: 00000000000000000000000000000000
Mem[22]: 00000000000000000000000000000000
Mem[23]: 00000000000000000000000000000000
Mem[24]: 00000000000000000000000000000000
Mem[25]: 00000000000000000000000000000000
Mem[26]: 00000000000000000000000000000000
Mem[27]: 00000000000000000000000000000000
Mem[28]: 00000000000000000000000000000000
Mem[29]: 00000000000000000000000000000000
Mem[2a]: 00000000000000000000000000000000
Mem[2b]: 00000000000000000000000000000000
Mem[2c]: 00000000000000000000000000000000
Mem[2d]: 00000000000000000000000000000000
Mem[2e]: 00000000000000000000000000000000
Mem[2f]: 00000000000000000000000000000000
Mem[30]: 00000000000000000000000000000000
Mem[31]: 00000000000000000000000000000000
Mem[32]: 00000000000000000000000000000000
Mem[33]: 00000000000000000000000000000000
Mem[34]: 00000000000000000000000000000000
Mem[35]: 00000000000000000000000000000000
Mem[36]: 00000000000000000000000000000000
Mem[37]: 00000000000000000000000000000000
Mem[38]: 00000000000000000000000000000000
Mem[39]: 00000000000000000000000000000000
Mem[3a]: 00000000000000000000000000000000
Mem[3b]: 00000000000000000000000000000000
Mem[3c]: 00000000000000000000000000000000
Mem[3d]: 00000000000000000000000000000000
Mem[3e]: 00000000000000000000000000000000
Mem[3f]: 00000000000000000000000000000000
=====================================================
==================== Cycle State #1 ====================
pc: 0
Instruction: 0x20010001
IFID Instruction: 0x0
IDEX Instruction: 0x0
NOP Signal: 0
Flush Signal: 0
ID Forward A: 0x00
ID Forward B: 0x00
EX Forward A: 0x00
EX Forward B: 0x00
rsdata00000000000000000000000000000000
rtdata00000000000000000000000000000000

Control Signals:
RegDst: 1
Link: 0
BranchEqual: 0
MemReadEn: 0
MemtoReg: 0
MemWriteEn: 0
RegWriteEn: 1
ALUSrc: 0
Jump: 0
BranchNotEqual: 0
JumpReg: 0
Sgt: 0
Slt: 0
opSel: 0x7
Will Jump: 0
Will Branch: 0

Register File Contents:
R[0]: 0
R[1]: 0
R[2]: 0
R[3]: 0
R[4]: 0
R[5]: 0
R[6]: 0
R[7]: 0
R[8]: 0
R[9]: 0
R[a]: 0
R[b]: 0
R[c]: 0
R[d]: 0
R[e]: 0
R[f]: 0
R[10]: 0
R[11]: 0
R[12]: 0
R[13]: 0
R[14]: 0
R[15]: 0
R[16]: 0
R[17]: 0
R[18]: 0
R[19]: 0
R[1a]: 0
R[1b]: 0
R[1c]: 0
R[1d]: 0
R[1e]: 0
R[1f]: 0

Data Memory Contents:
Mem[0]: 00000000000000000000000000000001
Mem[1]: 00000000000000000000000000000100
Mem[2]: 00000000000000000000000000000101
Mem[3]: 00000000000000000000000000000111
Mem[4]: 00000000000000000000000000001001
Mem[5]: 00000000000000000000000000001100
Mem[6]: 00000000000000000000000000001111
Mem[7]: 00000000000000000000000000010001
Mem[8]: 00000000000000000000000000010100
Mem[9]: 00000000000000000000000000010101
Mem[a]: 00000000000000000000000000011110
Mem[b]: 00000000000000000000000000001011
Mem[c]: 00000000000000000000000000000000
Mem[d]: 00000000000000000000000000000000
Mem[e]: 00000000000000000000000000000000
Mem[f]: 00000000000000000000000000000000
Mem[10]: 00000000000000000000000000000000
Mem[11]: 00000000000000000000000000000000
Mem[12]: 00000000000000000000000000000000
Mem[13]: 00000000000000000000000000000000
Mem[14]: 00000000000000000000000000000000
Mem[15]: 00000000000000000000000000000000
Mem[16]: 00000000000000000000000000000000
Mem[17]: 00000000000000000000000000000000
Mem[18]: 00000000000000000000000000000000
Mem[19]: 00000000000000000000000000000000
Mem[1a]: 00000000000000000000000000000000
Mem[1b]: 00000000000000000000000000000000
Mem[1c]: 00000000000000000000000000000000
Mem[1d]: 00000000000000000000000000000000
Mem[1e]: 00000000000000000000000000000000
Mem[1f]: 00000000000000000000000000000000
Mem[20]: 00000000000000000000000000000000
Mem[21]: 00000000000000000000000000000000
Mem[22]: 00000000000000000000000000000000
Mem[23]: 00000000000000000000000000000000
Mem[24]: 00000000000000000000000000000000
Mem[25]: 00000000000000000000000000000000
Mem[26]: 00000000000000000000000000000000
Mem[27]: 00000000000000000000000000000000
Mem[28]: 00000000000000000000000000000000
Mem[29]: 00000000000000000000000000000000
Mem[2a]: 00000000000000000000000000000000
Mem[2b]: 00000000000000000000000000000000
Mem[2c]: 00000000000000000000000000000000
Mem[2d]: 00000000000000000000000000000000
Mem[2e]: 00000000000000000000000000000000
Mem[2f]: 00000000000000000000000000000000
Mem[30]: 00000000000000000000000000000000
Mem[31]: 00000000000000000000000000000000
Mem[32]: 00000000000000000000000000000000
Mem[33]: 00000000000000000000000000000000
Mem[34]: 00000000000000000000000000000000
Mem[35]: 00000000000000000000000000000000
Mem[36]: 00000000000000000000000000000000
Mem[37]: 00000000000000000000000000000000
Mem[38]: 00000000000000000000000000000000
Mem[39]: 00000000000000000000000000000000
Mem[3a]: 00000000000000000000000000000000
Mem[3b]: 00000000000000000000000000000000
Mem[3c]: 00000000000000000000000000000000
Mem[3d]: 00000000000000000000000000000000
Mem[3e]: 00000000000000000000000000000000
Mem[3f]: 00000000000000000000000000000000
=====================================================
==================== Cycle State #2 ====================
pc: 1
Instruction: 0x20020002
IFID Instruction: 0x20010001
IDEX Instruction: 0x0
NOP Signal: 0
Flush Signal: 0
ID Forward A: 0x00
ID Forward B: 0x00
EX Forward A: 0x00
EX Forward B: 0x00
rsdata00000000000000000000000000000000
rtdata00000000000000000000000000000000

Control Signals:
RegDst: 0
Link: 0
BranchEqual: 0
MemReadEn: 0
MemtoReg: 0
MemWriteEn: 0
RegWriteEn: 1
ALUSrc: 1
Jump: 0
BranchNotEqual: 0
JumpReg: 0
Sgt: 0
Slt: 0
opSel: 0x0
Will Jump: 0
Will Branch: 0

Register File Contents:
R[0]: 0
R[1]: 0
R[2]: 0
R[3]: 0
R[4]: 0
R[5]: 0
R[6]: 0
R[7]: 0
R[8]: 0
R[9]: 0
R[a]: 0
R[b]: 0
R[c]: 0
R[d]: 0
R[e]: 0
R[f]: 0
R[10]: 0
R[11]: 0
R[12]: 0
R[13]: 0
R[14]: 0
R[15]: 0
R[16]: 0
R[17]: 0
R[18]: 0
R[19]: 0
R[1a]: 0
R[1b]: 0
R[1c]: 0
R[1d]: 0
R[1e]: 0
R[1f]: 0

Data Memory Contents:
Mem[0]: 00000000000000000000000000000001
Mem[1]: 00000000000000000000000000000100
Mem[2]: 00000000000000000000000000000101
Mem[3]: 00000000000000000000000000000111
Mem[4]: 00000000000000000000000000001001
Mem[5]: 00000000000000000000000000001100
Mem[6]: 00000000000000000000000000001111
Mem[7]: 00000000000000000000000000010001
Mem[8]: 00000000000000000000000000010100
Mem[9]: 00000000000000000000000000010101
Mem[a]: 00000000000000000000000000011110
Mem[b]: 00000000000000000000000000001011
Mem[c]: 00000000000000000000000000000000
Mem[d]: 00000000000000000000000000000000
Mem[e]: 00000000000000000000000000000000
Mem[f]: 00000000000000000000000000000000
Mem[10]: 00000000000000000000000000000000
Mem[11]: 00000000000000000000000000000000
Mem[12]: 00000000000000000000000000000000
Mem[13]: 00000000000000000000000000000000
Mem[14]: 00000000000000000000000000000000
Mem[15]: 00000000000000000000000000000000
Mem[16]: 00000000000000000000000000000000
Mem[17]: 00000000000000000000000000000000
Mem[18]: 00000000000000000000000000000000
Mem[19]: 00000000000000000000000000000000
Mem[1a]: 00000000000000000000000000000000
Mem[1b]: 00000000000000000000000000000000
Mem[1c]: 00000000000000000000000000000000
Mem[1d]: 00000000000000000000000000000000
Mem[1e]: 00000000000000000000000000000000
Mem[1f]: 00000000000000000000000000000000
Mem[20]: 00000000000000000000000000000000
Mem[21]: 00000000000000000000000000000000
Mem[22]: 00000000000000000000000000000000
Mem[23]: 00000000000000000000000000000000
Mem[24]: 00000000000000000000000000000000
Mem[25]: 00000000000000000000000000000000
Mem[26]: 00000000000000000000000000000000
Mem[27]: 00000000000000000000000000000000
Mem[28]: 00000000000000000000000000000000
Mem[29]: 00000000000000000000000000000000
Mem[2a]: 00000000000000000000000000000000
Mem[2b]: 00000000000000000000000000000000
Mem[2c]: 00000000000000000000000000000000
Mem[2d]: 00000000000000000000000000000000
Mem[2e]: 00000000000000000000000000000000
Mem[2f]: 00000000000000000000000000000000
Mem[30]: 00000000000000000000000000000000
Mem[31]: 00000000000000000000000000000000
Mem[32]: 00000000000000000000000000000000
Mem[33]: 00000000000000000000000000000000
Mem[34]: 00000000000000000000000000000000
Mem[35]: 00000000000000000000000000000000
Mem[36]: 00000000000000000000000000000000
Mem[37]: 00000000000000000000000000000000
Mem[38]: 00000000000000000000000000000000
Mem[39]: 00000000000000000000000000000000
Mem[3a]: 00000000000000000000000000000000
Mem[3b]: 00000000000000000000000000000000
Mem[3c]: 00000000000000000000000000000000
Mem[3d]: 00000000000000000000000000000000
Mem[3e]: 00000000000000000000000000000000
Mem[3f]: 00000000000000000000000000000000
=====================================================
==================== Cycle State #3 ====================
pc: 2
Instruction: 0x20030005
IFID Instruction: 0x20020002
IDEX Instruction: 0x20010001
NOP Signal: 0
Flush Signal: 0
ID Forward A: 0x00
ID Forward B: 0x00
EX Forward A: 0x00
EX Forward B: 0x00
rsdata00000000000000000000000000000000
rtdata00000000000000000000000000000000

Control Signals:
RegDst: 0
Link: 0
BranchEqual: 0
MemReadEn: 0
MemtoReg: 0
MemWriteEn: 0
RegWriteEn: 1
ALUSrc: 1
Jump: 0
BranchNotEqual: 0
JumpReg: 0
Sgt: 0
Slt: 0
opSel: 0x0
Will Jump: 0
Will Branch: 0

Register File Contents:
R[0]: 0
R[1]: 0
R[2]: 0
R[3]: 0
R[4]: 0
R[5]: 0
R[6]: 0
R[7]: 0
R[8]: 0
R[9]: 0
R[a]: 0
R[b]: 0
R[c]: 0
R[d]: 0
R[e]: 0
R[f]: 0
R[10]: 0
R[11]: 0
R[12]: 0
R[13]: 0
R[14]: 0
R[15]: 0
R[16]: 0
R[17]: 0
R[18]: 0
R[19]: 0
R[1a]: 0
R[1b]: 0
R[1c]: 0
R[1d]: 0
R[1e]: 0
R[1f]: 0

Data Memory Contents:
Mem[0]: 00000000000000000000000000000001
Mem[1]: 00000000000000000000000000000100
Mem[2]: 00000000000000000000000000000101
Mem[3]: 00000000000000000000000000000111
Mem[4]: 00000000000000000000000000001001
Mem[5]: 00000000000000000000000000001100
Mem[6]: 00000000000000000000000000001111
Mem[7]: 00000000000000000000000000010001
Mem[8]: 00000000000000000000000000010100
Mem[9]: 00000000000000000000000000010101
Mem[a]: 00000000000000000000000000011110
Mem[b]: 00000000000000000000000000001011
Mem[c]: 00000000000000000000000000000000
Mem[d]: 00000000000000000000000000000000
Mem[e]: 00000000000000000000000000000000
Mem[f]: 00000000000000000000000000000000
Mem[10]: 00000000000000000000000000000000
Mem[11]: 00000000000000000000000000000000
Mem[12]: 00000000000000000000000000000000
Mem[13]: 00000000000000000000000000000000
Mem[14]: 00000000000000000000000000000000
Mem[15]: 00000000000000000000000000000000
Mem[16]: 00000000000000000000000000000000
Mem[17]: 00000000000000000000000000000000
Mem[18]: 00000000000000000000000000000000
Mem[19]: 00000000000000000000000000000000
Mem[1a]: 00000000000000000000000000000000
Mem[1b]: 00000000000000000000000000000000
Mem[1c]: 00000000000000000000000000000000
Mem[1d]: 00000000000000000000000000000000
Mem[1e]: 00000000000000000000000000000000
Mem[1f]: 00000000000000000000000000000000
Mem[20]: 00000000000000000000000000000000
Mem[21]: 00000000000000000000000000000000
Mem[22]: 00000000000000000000000000000000
Mem[23]: 00000000000000000000000000000000
Mem[24]: 00000000000000000000000000000000
Mem[25]: 00000000000000000000000000000000
Mem[26]: 00000000000000000000000000000000
Mem[27]: 00000000000000000000000000000000
Mem[28]: 00000000000000000000000000000000
Mem[29]: 00000000000000000000000000000000
Mem[2a]: 00000000000000000000000000000000
Mem[2b]: 00000000000000000000000000000000
Mem[2c]: 00000000000000000000000000000000
Mem[2d]: 00000000000000000000000000000000
Mem[2e]: 00000000000000000000000000000000
Mem[2f]: 00000000000000000000000000000000
Mem[30]: 00000000000000000000000000000000
Mem[31]: 00000000000000000000000000000000
Mem[32]: 00000000000000000000000000000000
Mem[33]: 00000000000000000000000000000000
Mem[34]: 00000000000000000000000000000000
Mem[35]: 00000000000000000000000000000000
Mem[36]: 00000000000000000000000000000000
Mem[37]: 00000000000000000000000000000000
Mem[38]: 00000000000000000000000000000000
Mem[39]: 00000000000000000000000000000000
Mem[3a]: 00000000000000000000000000000000
Mem[3b]: 00000000000000000000000000000000
Mem[3c]: 00000000000000000000000000000000
Mem[3d]: 00000000000000000000000000000000
Mem[3e]: 00000000000000000000000000000000
Mem[3f]: 00000000000000000000000000000000
=====================================================
==================== Cycle State #4 ====================
pc: 3
Instruction: 0x20240001
IFID Instruction: 0x20030005
IDEX Instruction: 0x20020002
NOP Signal: 0
Flush Signal: 0
ID Forward A: 0x00
ID Forward B: 0x00
EX Forward A: 0x00
EX Forward B: 0x00
rsdata00000000000000000000000000000000
rtdata00000000000000000000000000000000

Control Signals:
RegDst: 0
Link: 0
BranchEqual: 0
MemReadEn: 0
MemtoReg: 0
MemWriteEn: 0
RegWriteEn: 1
ALUSrc: 1
Jump: 0
BranchNotEqual: 0
JumpReg: 0
Sgt: 0
Slt: 0
opSel: 0x0
Will Jump: 0
Will Branch: 0

Register File Contents:
R[0]: 0
R[1]: 0
R[2]: 0
R[3]: 0
R[4]: 0
R[5]: 0
R[6]: 0
R[7]: 0
R[8]: 0
R[9]: 0
R[a]: 0
R[b]: 0
R[c]: 0
R[d]: 0
R[e]: 0
R[f]: 0
R[10]: 0
R[11]: 0
R[12]: 0
R[13]: 0
R[14]: 0
R[15]: 0
R[16]: 0
R[17]: 0
R[18]: 0
R[19]: 0
R[1a]: 0
R[1b]: 0
R[1c]: 0
R[1d]: 0
R[1e]: 0
R[1f]: 0

Data Memory Contents:
Mem[0]: 00000000000000000000000000000001
Mem[1]: 00000000000000000000000000000100
Mem[2]: 00000000000000000000000000000101
Mem[3]: 00000000000000000000000000000111
Mem[4]: 00000000000000000000000000001001
Mem[5]: 00000000000000000000000000001100
Mem[6]: 00000000000000000000000000001111
Mem[7]: 00000000000000000000000000010001
Mem[8]: 00000000000000000000000000010100
Mem[9]: 00000000000000000000000000010101
Mem[a]: 00000000000000000000000000011110
Mem[b]: 00000000000000000000000000001011
Mem[c]: 00000000000000000000000000000000
Mem[d]: 00000000000000000000000000000000
Mem[e]: 00000000000000000000000000000000
Mem[f]: 00000000000000000000000000000000
Mem[10]: 00000000000000000000000000000000
Mem[11]: 00000000000000000000000000000000
Mem[12]: 00000000000000000000000000000000
Mem[13]: 00000000000000000000000000000000
Mem[14]: 00000000000000000000000000000000
Mem[15]: 00000000000000000000000000000000
Mem[16]: 00000000000000000000000000000000
Mem[17]: 00000000000000000000000000000000
Mem[18]: 00000000000000000000000000000000
Mem[19]: 00000000000000000000000000000000
Mem[1a]: 00000000000000000000000000000000
Mem[1b]: 00000000000000000000000000000000
Mem[1c]: 00000000000000000000000000000000
Mem[1d]: 00000000000000000000000000000000
Mem[1e]: 00000000000000000000000000000000
Mem[1f]: 00000000000000000000000000000000
Mem[20]: 00000000000000000000000000000000
Mem[21]: 00000000000000000000000000000000
Mem[22]: 00000000000000000000000000000000
Mem[23]: 00000000000000000000000000000000
Mem[24]: 00000000000000000000000000000000
Mem[25]: 00000000000000000000000000000000
Mem[26]: 00000000000000000000000000000000
Mem[27]: 00000000000000000000000000000000
Mem[28]: 00000000000000000000000000000000
Mem[29]: 00000000000000000000000000000000
Mem[2a]: 00000000000000000000000000000000
Mem[2b]: 00000000000000000000000000000000
Mem[2c]: 00000000000000000000000000000000
Mem[2d]: 00000000000000000000000000000000
Mem[2e]: 00000000000000000000000000000000
Mem[2f]: 00000000000000000000000000000000
Mem[30]: 00000000000000000000000000000000
Mem[31]: 00000000000000000000000000000000
Mem[32]: 00000000000000000000000000000000
Mem[33]: 00000000000000000000000000000000
Mem[34]: 00000000000000000000000000000000
Mem[35]: 00000000000000000000000000000000
Mem[36]: 00000000000000000000000000000000
Mem[37]: 00000000000000000000000000000000
Mem[38]: 00000000000000000000000000000000
Mem[39]: 00000000000000000000000000000000
Mem[3a]: 00000000000000000000000000000000
Mem[3b]: 00000000000000000000000000000000
Mem[3c]: 00000000000000000000000000000000
Mem[3d]: 00000000000000000000000000000000
Mem[3e]: 00000000000000000000000000000000
Mem[3f]: 00000000000000000000000000000000
=====================================================
==================== Cycle State #5 ====================
pc: 4
Instruction: 0x0
IFID Instruction: 0x20240001
IDEX Instruction: 0x20030005
NOP Signal: 0
Flush Signal: 0
ID Forward A: 0x00
ID Forward B: 0x00
EX Forward A: 0x00
EX Forward B: 0x00
rsdata00000000000000000000000000000001
rtdata00000000000000000000000000000000

Control Signals:
RegDst: 0
Link: 0
BranchEqual: 0
MemReadEn: 0
MemtoReg: 0
MemWriteEn: 0
RegWriteEn: 1
ALUSrc: 1
Jump: 0
BranchNotEqual: 0
JumpReg: 0
Sgt: 0
Slt: 0
opSel: 0x0
Will Jump: 0
Will Branch: 0

Register File Contents:
R[0]: 0
R[1]: 0
R[2]: 0
R[3]: 0
R[4]: 0
R[5]: 0
R[6]: 0
R[7]: 0
R[8]: 0
R[9]: 0
R[a]: 0
R[b]: 0
R[c]: 0
R[d]: 0
R[e]: 0
R[f]: 0
R[10]: 0
R[11]: 0
R[12]: 0
R[13]: 0
R[14]: 0
R[15]: 0
R[16]: 0
R[17]: 0
R[18]: 0
R[19]: 0
R[1a]: 0
R[1b]: 0
R[1c]: 0
R[1d]: 0
R[1e]: 0
R[1f]: 0

Data Memory Contents:
Mem[0]: 00000000000000000000000000000001
Mem[1]: 00000000000000000000000000000100
Mem[2]: 00000000000000000000000000000101
Mem[3]: 00000000000000000000000000000111
Mem[4]: 00000000000000000000000000001001
Mem[5]: 00000000000000000000000000001100
Mem[6]: 00000000000000000000000000001111
Mem[7]: 00000000000000000000000000010001
Mem[8]: 00000000000000000000000000010100
Mem[9]: 00000000000000000000000000010101
Mem[a]: 00000000000000000000000000011110
Mem[b]: 00000000000000000000000000001011
Mem[c]: 00000000000000000000000000000000
Mem[d]: 00000000000000000000000000000000
Mem[e]: 00000000000000000000000000000000
Mem[f]: 00000000000000000000000000000000
Mem[10]: 00000000000000000000000000000000
Mem[11]: 00000000000000000000000000000000
Mem[12]: 00000000000000000000000000000000
Mem[13]: 00000000000000000000000000000000
Mem[14]: 00000000000000000000000000000000
Mem[15]: 00000000000000000000000000000000
Mem[16]: 00000000000000000000000000000000
Mem[17]: 00000000000000000000000000000000
Mem[18]: 00000000000000000000000000000000
Mem[19]: 00000000000000000000000000000000
Mem[1a]: 00000000000000000000000000000000
Mem[1b]: 00000000000000000000000000000000
Mem[1c]: 00000000000000000000000000000000
Mem[1d]: 00000000000000000000000000000000
Mem[1e]: 00000000000000000000000000000000
Mem[1f]: 00000000000000000000000000000000
Mem[20]: 00000000000000000000000000000000
Mem[21]: 00000000000000000000000000000000
Mem[22]: 00000000000000000000000000000000
Mem[23]: 00000000000000000000000000000000
Mem[24]: 00000000000000000000000000000000
Mem[25]: 00000000000000000000000000000000
Mem[26]: 00000000000000000000000000000000
Mem[27]: 00000000000000000000000000000000
Mem[28]: 00000000000000000000000000000000
Mem[29]: 00000000000000000000000000000000
Mem[2a]: 00000000000000000000000000000000
Mem[2b]: 00000000000000000000000000000000
Mem[2c]: 00000000000000000000000000000000
Mem[2d]: 00000000000000000000000000000000
Mem[2e]: 00000000000000000000000000000000
Mem[2f]: 00000000000000000000000000000000
Mem[30]: 00000000000000000000000000000000
Mem[31]: 00000000000000000000000000000000
Mem[32]: 00000000000000000000000000000000
Mem[33]: 00000000000000000000000000000000
Mem[34]: 00000000000000000000000000000000
Mem[35]: 00000000000000000000000000000000
Mem[36]: 00000000000000000000000000000000
Mem[37]: 00000000000000000000000000000000
Mem[38]: 00000000000000000000000000000000
Mem[39]: 00000000000000000000000000000000
Mem[3a]: 00000000000000000000000000000000
Mem[3b]: 00000000000000000000000000000000
Mem[3c]: 00000000000000000000000000000000
Mem[3d]: 00000000000000000000000000000000
Mem[3e]: 00000000000000000000000000000000
Mem[3f]: 00000000000000000000000000000000
=====================================================
==================== Cycle State #6 ====================
pc: 5
Instruction: 0x0
IFID Instruction: 0x0
IDEX Instruction: 0x20240001
NOP Signal: 0
Flush Signal: 0
ID Forward A: 0x00
ID Forward B: 0x00
EX Forward A: 0x00
EX Forward B: 0x00
rsdata00000000000000000000000000000000
rtdata00000000000000000000000000000000

Control Signals:
RegDst: 1
Link: 0
BranchEqual: 0
MemReadEn: 0
MemtoReg: 0
MemWriteEn: 0
RegWriteEn: 1
ALUSrc: 0
Jump: 0
BranchNotEqual: 0
JumpReg: 0
Sgt: 0
Slt: 0
opSel: 0x7
Will Jump: 0
Will Branch: 0

Register File Contents:
R[0]: 0
R[1]: 1
R[2]: 0
R[3]: 0
R[4]: 0
R[5]: 0
R[6]: 0
R[7]: 0
R[8]: 0
R[9]: 0
R[a]: 0
R[b]: 0
R[c]: 0
R[d]: 0
R[e]: 0
R[f]: 0
R[10]: 0
R[11]: 0
R[12]: 0
R[13]: 0
R[14]: 0
R[15]: 0
R[16]: 0
R[17]: 0
R[18]: 0
R[19]: 0
R[1a]: 0
R[1b]: 0
R[1c]: 0
R[1d]: 0
R[1e]: 0
R[1f]: 0

Data Memory Contents:
Mem[0]: 00000000000000000000000000000001
Mem[1]: 00000000000000000000000000000100
Mem[2]: 00000000000000000000000000000101
Mem[3]: 00000000000000000000000000000111
Mem[4]: 00000000000000000000000000001001
Mem[5]: 00000000000000000000000000001100
Mem[6]: 00000000000000000000000000001111
Mem[7]: 00000000000000000000000000010001
Mem[8]: 00000000000000000000000000010100
Mem[9]: 00000000000000000000000000010101
Mem[a]: 00000000000000000000000000011110
Mem[b]: 00000000000000000000000000001011
Mem[c]: 00000000000000000000000000000000
Mem[d]: 00000000000000000000000000000000
Mem[e]: 00000000000000000000000000000000
Mem[f]: 00000000000000000000000000000000
Mem[10]: 00000000000000000000000000000000
Mem[11]: 00000000000000000000000000000000
Mem[12]: 00000000000000000000000000000000
Mem[13]: 00000000000000000000000000000000
Mem[14]: 00000000000000000000000000000000
Mem[15]: 00000000000000000000000000000000
Mem[16]: 00000000000000000000000000000000
Mem[17]: 00000000000000000000000000000000
Mem[18]: 00000000000000000000000000000000
Mem[19]: 00000000000000000000000000000000
Mem[1a]: 00000000000000000000000000000000
Mem[1b]: 00000000000000000000000000000000
Mem[1c]: 00000000000000000000000000000000
Mem[1d]: 00000000000000000000000000000000
Mem[1e]: 00000000000000000000000000000000
Mem[1f]: 00000000000000000000000000000000
Mem[20]: 00000000000000000000000000000000
Mem[21]: 00000000000000000000000000000000
Mem[22]: 00000000000000000000000000000000
Mem[23]: 00000000000000000000000000000000
Mem[24]: 00000000000000000000000000000000
Mem[25]: 00000000000000000000000000000000
Mem[26]: 00000000000000000000000000000000
Mem[27]: 00000000000000000000000000000000
Mem[28]: 00000000000000000000000000000000
Mem[29]: 00000000000000000000000000000000
Mem[2a]: 00000000000000000000000000000000
Mem[2b]: 00000000000000000000000000000000
Mem[2c]: 00000000000000000000000000000000
Mem[2d]: 00000000000000000000000000000000
Mem[2e]: 00000000000000000000000000000000
Mem[2f]: 00000000000000000000000000000000
Mem[30]: 00000000000000000000000000000000
Mem[31]: 00000000000000000000000000000000
Mem[32]: 00000000000000000000000000000000
Mem[33]: 00000000000000000000000000000000
Mem[34]: 00000000000000000000000000000000
Mem[35]: 00000000000000000000000000000000
Mem[36]: 00000000000000000000000000000000
Mem[37]: 00000000000000000000000000000000
Mem[38]: 00000000000000000000000000000000
Mem[39]: 00000000000000000000000000000000
Mem[3a]: 00000000000000000000000000000000
Mem[3b]: 00000000000000000000000000000000
Mem[3c]: 00000000000000000000000000000000
Mem[3d]: 00000000000000000000000000000000
Mem[3e]: 00000000000000000000000000000000
Mem[3f]: 00000000000000000000000000000000
=====================================================
==================== Cycle State #7 ====================
pc: 6
Instruction: 0x0
IFID Instruction: 0x0
IDEX Instruction: 0x0
NOP Signal: 0
Flush Signal: 0
ID Forward A: 0x00
ID Forward B: 0x00
EX Forward A: 0x00
EX Forward B: 0x00
rsdata00000000000000000000000000000000
rtdata00000000000000000000000000000000

Control Signals:
RegDst: 1
Link: 0
BranchEqual: 0
MemReadEn: 0
MemtoReg: 0
MemWriteEn: 0
RegWriteEn: 1
ALUSrc: 0
Jump: 0
BranchNotEqual: 0
JumpReg: 0
Sgt: 0
Slt: 0
opSel: 0x7
Will Jump: 0
Will Branch: 0

Register File Contents:
R[0]: 0
R[1]: 1
R[2]: 2
R[3]: 0
R[4]: 0
R[5]: 0
R[6]: 0
R[7]: 0
R[8]: 0
R[9]: 0
R[a]: 0
R[b]: 0
R[c]: 0
R[d]: 0
R[e]: 0
R[f]: 0
R[10]: 0
R[11]: 0
R[12]: 0
R[13]: 0
R[14]: 0
R[15]: 0
R[16]: 0
R[17]: 0
R[18]: 0
R[19]: 0
R[1a]: 0
R[1b]: 0
R[1c]: 0
R[1d]: 0
R[1e]: 0
R[1f]: 0

Data Memory Contents:
Mem[0]: 00000000000000000000000000000001
Mem[1]: 00000000000000000000000000000100
Mem[2]: 00000000000000000000000000000101
Mem[3]: 00000000000000000000000000000111
Mem[4]: 00000000000000000000000000001001
Mem[5]: 00000000000000000000000000001100
Mem[6]: 00000000000000000000000000001111
Mem[7]: 00000000000000000000000000010001
Mem[8]: 00000000000000000000000000010100
Mem[9]: 00000000000000000000000000010101
Mem[a]: 00000000000000000000000000011110
Mem[b]: 00000000000000000000000000001011
Mem[c]: 00000000000000000000000000000000
Mem[d]: 00000000000000000000000000000000
Mem[e]: 00000000000000000000000000000000
Mem[f]: 00000000000000000000000000000000
Mem[10]: 00000000000000000000000000000000
Mem[11]: 00000000000000000000000000000000
Mem[12]: 00000000000000000000000000000000
Mem[13]: 00000000000000000000000000000000
Mem[14]: 00000000000000000000000000000000
Mem[15]: 00000000000000000000000000000000
Mem[16]: 00000000000000000000000000000000
Mem[17]: 00000000000000000000000000000000
Mem[18]: 00000000000000000000000000000000
Mem[19]: 00000000000000000000000000000000
Mem[1a]: 00000000000000000000000000000000
Mem[1b]: 00000000000000000000000000000000
Mem[1c]: 00000000000000000000000000000000
Mem[1d]: 00000000000000000000000000000000
Mem[1e]: 00000000000000000000000000000000
Mem[1f]: 00000000000000000000000000000000
Mem[20]: 00000000000000000000000000000000
Mem[21]: 00000000000000000000000000000000
Mem[22]: 00000000000000000000000000000000
Mem[23]: 00000000000000000000000000000000
Mem[24]: 00000000000000000000000000000000
Mem[25]: 00000000000000000000000000000000
Mem[26]: 00000000000000000000000000000000
Mem[27]: 00000000000000000000000000000000
Mem[28]: 00000000000000000000000000000000
Mem[29]: 00000000000000000000000000000000
Mem[2a]: 00000000000000000000000000000000
Mem[2b]: 00000000000000000000000000000000
Mem[2c]: 00000000000000000000000000000000
Mem[2d]: 00000000000000000000000000000000
Mem[2e]: 00000000000000000000000000000000
Mem[2f]: 00000000000000000000000000000000
Mem[30]: 00000000000000000000000000000000
Mem[31]: 00000000000000000000000000000000
Mem[32]: 00000000000000000000000000000000
Mem[33]: 00000000000000000000000000000000
Mem[34]: 00000000000000000000000000000000
Mem[35]: 00000000000000000000000000000000
Mem[36]: 00000000000000000000000000000000
Mem[37]: 00000000000000000000000000000000
Mem[38]: 00000000000000000000000000000000
Mem[39]: 00000000000000000000000000000000
Mem[3a]: 00000000000000000000000000000000
Mem[3b]: 00000000000000000000000000000000
Mem[3c]: 00000000000000000000000000000000
Mem[3d]: 00000000000000000000000000000000
Mem[3e]: 00000000000000000000000000000000
Mem[3f]: 00000000000000000000000000000000
=====================================================
==================== Cycle State #8 ====================
pc: 7
Instruction: 0x0
IFID Instruction: 0x0
IDEX Instruction: 0x0
NOP Signal: 0
Flush Signal: 0
ID Forward A: 0x00
ID Forward B: 0x00
EX Forward A: 0x00
EX Forward B: 0x00
rsdata00000000000000000000000000000000
rtdata00000000000000000000000000000000

Control Signals:
RegDst: 1
Link: 0
BranchEqual: 0
MemReadEn: 0
MemtoReg: 0
MemWriteEn: 0
RegWriteEn: 1
ALUSrc: 0
Jump: 0
BranchNotEqual: 0
JumpReg: 0
Sgt: 0
Slt: 0
opSel: 0x7
Will Jump: 0
Will Branch: 0

Register File Contents:
R[0]: 0
R[1]: 1
R[2]: 2
R[3]: 5
R[4]: 0
R[5]: 0
R[6]: 0
R[7]: 0
R[8]: 0
R[9]: 0
R[a]: 0
R[b]: 0
R[c]: 0
R[d]: 0
R[e]: 0
R[f]: 0
R[10]: 0
R[11]: 0
R[12]: 0
R[13]: 0
R[14]: 0
R[15]: 0
R[16]: 0
R[17]: 0
R[18]: 0
R[19]: 0
R[1a]: 0
R[1b]: 0
R[1c]: 0
R[1d]: 0
R[1e]: 0
R[1f]: 0

Data Memory Contents:
Mem[0]: 00000000000000000000000000000001
Mem[1]: 00000000000000000000000000000100
Mem[2]: 00000000000000000000000000000101
Mem[3]: 00000000000000000000000000000111
Mem[4]: 00000000000000000000000000001001
Mem[5]: 00000000000000000000000000001100
Mem[6]: 00000000000000000000000000001111
Mem[7]: 00000000000000000000000000010001
Mem[8]: 00000000000000000000000000010100
Mem[9]: 00000000000000000000000000010101
Mem[a]: 00000000000000000000000000011110
Mem[b]: 00000000000000000000000000001011
Mem[c]: 00000000000000000000000000000000
Mem[d]: 00000000000000000000000000000000
Mem[e]: 00000000000000000000000000000000
Mem[f]: 00000000000000000000000000000000
Mem[10]: 00000000000000000000000000000000
Mem[11]: 00000000000000000000000000000000
Mem[12]: 00000000000000000000000000000000
Mem[13]: 00000000000000000000000000000000
Mem[14]: 00000000000000000000000000000000
Mem[15]: 00000000000000000000000000000000
Mem[16]: 00000000000000000000000000000000
Mem[17]: 00000000000000000000000000000000
Mem[18]: 00000000000000000000000000000000
Mem[19]: 00000000000000000000000000000000
Mem[1a]: 00000000000000000000000000000000
Mem[1b]: 00000000000000000000000000000000
Mem[1c]: 00000000000000000000000000000000
Mem[1d]: 00000000000000000000000000000000
Mem[1e]: 00000000000000000000000000000000
Mem[1f]: 00000000000000000000000000000000
Mem[20]: 00000000000000000000000000000000
Mem[21]: 00000000000000000000000000000000
Mem[22]: 00000000000000000000000000000000
Mem[23]: 00000000000000000000000000000000
Mem[24]: 00000000000000000000000000000000
Mem[25]: 00000000000000000000000000000000
Mem[26]: 00000000000000000000000000000000
Mem[27]: 00000000000000000000000000000000
Mem[28]: 00000000000000000000000000000000
Mem[29]: 00000000000000000000000000000000
Mem[2a]: 00000000000000000000000000000000
Mem[2b]: 00000000000000000000000000000000
Mem[2c]: 00000000000000000000000000000000
Mem[2d]: 00000000000000000000000000000000
Mem[2e]: 00000000000000000000000000000000
Mem[2f]: 00000000000000000000000000000000
Mem[30]: 00000000000000000000000000000000
Mem[31]: 00000000000000000000000000000000
Mem[32]: 00000000000000000000000000000000
Mem[33]: 00000000000000000000000000000000
Mem[34]: 00000000000000000000000000000000
Mem[35]: 00000000000000000000000000000000
Mem[36]: 00000000000000000000000000000000
Mem[37]: 00000000000000000000000000000000
Mem[38]: 00000000000000000000000000000000
Mem[39]: 00000000000000000000000000000000
Mem[3a]: 00000000000000000000000000000000
Mem[3b]: 00000000000000000000000000000000
Mem[3c]: 00000000000000000000000000000000
Mem[3d]: 00000000000000000000000000000000
Mem[3e]: 00000000000000000000000000000000
Mem[3f]: 00000000000000000000000000000000
=====================================================
==================== Cycle State #9 ====================
pc: 8
Instruction: 0x0
IFID Instruction: 0x0
IDEX Instruction: 0x0
NOP Signal: 0
Flush Signal: 0
ID Forward A: 0x00
ID Forward B: 0x00
EX Forward A: 0x00
EX Forward B: 0x00
rsdata00000000000000000000000000000000
rtdata00000000000000000000000000000000

Control Signals:
RegDst: 1
Link: 0
BranchEqual: 0
MemReadEn: 0
MemtoReg: 0
MemWriteEn: 0
RegWriteEn: 1
ALUSrc: 0
Jump: 0
BranchNotEqual: 0
JumpReg: 0
Sgt: 0
Slt: 0
opSel: 0x7
Will Jump: 0
Will Branch: 0

Register File Contents:
R[0]: 0
R[1]: 1
R[2]: 2
R[3]: 5
R[4]: 2
R[5]: 0
R[6]: 0
R[7]: 0
R[8]: 0
R[9]: 0
R[a]: 0
R[b]: 0
R[c]: 0
R[d]: 0
R[e]: 0
R[f]: 0
R[10]: 0
R[11]: 0
R[12]: 0
R[13]: 0
R[14]: 0
R[15]: 0
R[16]: 0
R[17]: 0
R[18]: 0
R[19]: 0
R[1a]: 0
R[1b]: 0
R[1c]: 0
R[1d]: 0
R[1e]: 0
R[1f]: 0

Data Memory Contents:
Mem[0]: 00000000000000000000000000000001
Mem[1]: 00000000000000000000000000000100
Mem[2]: 00000000000000000000000000000101
Mem[3]: 00000000000000000000000000000111
Mem[4]: 00000000000000000000000000001001
Mem[5]: 00000000000000000000000000001100
Mem[6]: 00000000000000000000000000001111
Mem[7]: 00000000000000000000000000010001
Mem[8]: 00000000000000000000000000010100
Mem[9]: 00000000000000000000000000010101
Mem[a]: 00000000000000000000000000011110
Mem[b]: 00000000000000000000000000001011
Mem[c]: 00000000000000000000000000000000
Mem[d]: 00000000000000000000000000000000
Mem[e]: 00000000000000000000000000000000
Mem[f]: 00000000000000000000000000000000
Mem[10]: 00000000000000000000000000000000
Mem[11]: 00000000000000000000000000000000
Mem[12]: 00000000000000000000000000000000
Mem[13]: 00000000000000000000000000000000
Mem[14]: 00000000000000000000000000000000
Mem[15]: 00000000000000000000000000000000
Mem[16]: 00000000000000000000000000000000
Mem[17]: 00000000000000000000000000000000
Mem[18]: 00000000000000000000000000000000
Mem[19]: 00000000000000000000000000000000
Mem[1a]: 00000000000000000000000000000000
Mem[1b]: 00000000000000000000000000000000
Mem[1c]: 00000000000000000000000000000000
Mem[1d]: 00000000000000000000000000000000
Mem[1e]: 00000000000000000000000000000000
Mem[1f]: 00000000000000000000000000000000
Mem[20]: 00000000000000000000000000000000
Mem[21]: 00000000000000000000000000000000
Mem[22]: 00000000000000000000000000000000
Mem[23]: 00000000000000000000000000000000
Mem[24]: 00000000000000000000000000000000
Mem[25]: 00000000000000000000000000000000
Mem[26]: 00000000000000000000000000000000
Mem[27]: 00000000000000000000000000000000
Mem[28]: 00000000000000000000000000000000
Mem[29]: 00000000000000000000000000000000
Mem[2a]: 00000000000000000000000000000000
Mem[2b]: 00000000000000000000000000000000
Mem[2c]: 00000000000000000000000000000000
Mem[2d]: 00000000000000000000000000000000
Mem[2e]: 00000000000000000000000000000000
Mem[2f]: 00000000000000000000000000000000
Mem[30]: 00000000000000000000000000000000
Mem[31]: 00000000000000000000000000000000
Mem[32]: 00000000000000000000000000000000
Mem[33]: 00000000000000000000000000000000
Mem[34]: 00000000000000000000000000000000
Mem[35]: 00000000000000000000000000000000
Mem[36]: 00000000000000000000000000000000
Mem[37]: 00000000000000000000000000000000
Mem[38]: 00000000000000000000000000000000
Mem[39]: 00000000000000000000000000000000
Mem[3a]: 00000000000000000000000000000000
Mem[3b]: 00000000000000000000000000000000
Mem[3c]: 00000000000000000000000000000000
Mem[3d]: 00000000000000000000000000000000
Mem[3e]: 00000000000000000000000000000000
Mem[3f]: 00000000000000000000000000000000
=====================================================
